0 silly argv {
0 silly argv   _: [ 'publish' ],
0 silly argv   composed: 'publish',
0 silly argv   lernaVersion: '9.0.3',
0 silly argv   '$0': '../../../Library/pnpm/global/5/.pnpm/lerna@9.0.3_@types+node@25.0.2/node_modules/lerna/dist/cli.js',
0 silly argv   bump: 'from-package'
0 silly argv }
1 notice cli v9.0.3
2 verbose packageConfigs Package manager "pnpm" detected. Resolving packages using `pnpm-workspace.yaml`.
3 verbose rootPath /Users/gaomengyun/Desktop/test_lerna3/test_lerna2
4 info versioning independent
5 verbose session 653eba74d542389a
6 verbose user-agent lerna/9.0.3/node@v24.11.1+arm64 (darwin)
7 verbose git-describe undefined => "package_a@1.0.1-0-gf3e9676"
8 silly git-describe parsed => {"lastTagName":"package_a@1.0.1","lastVersion":"1.0.1","refCount":"0","sha":"f3e9676","isDirty":false}
9 silly getProjectsWithUnpublishedPackages
10 warn Unable to determine published version, assuming "package_b" unpublished.
11 warn Unable to determine published version, assuming "package_a" unpublished.
12 error ExitPromptError: User force closed the prompt with SIGINT
12 error     at Interface.sigint (/Users/gaomengyun/Desktop/test_lerna3/test_lerna2/node_modules/.pnpm/@inquirer+core@10.3.2/node_modules/@inquirer/core/dist/commonjs/lib/create-prompt.js:101:37)
12 error     at Interface.emit (node:events:508:28)
12 error     at [_ttyWrite] [as _ttyWrite] (node:internal/readline/interface:1317:18)
12 error     at ReadStream.onkeypress (node:internal/readline/interface:284:20)
12 error     at ReadStream.emit (node:events:520:35)
12 error     at emitKeys (node:internal/readline/utils:371:14)
12 error     at emitKeys.next (<anonymous>)
12 error     at ReadStream.onData (node:internal/readline/emitKeypressEvents:64:36)
12 error     at ReadStream.emit (node:events:508:28)
